     1                                 %line 1+1 mem.asm
     2                                 [segment .data]
     3 00000000 04000000               a dd 4
     4 00000004 CDCC8C40               b dd 4.4
     5 00000008 00000000<rept>         c times 10 dd 0
     6 00000030 01000200               d dw 1, 2
     7 00000034 FB                     e db 0xfb
     8 00000035 68656C6C6F20776F72-    f db "hello world", 0
     9 00000035 6C6400             
    10                                 
    11                                 [segment .bss]
    12 00000000 <gap>                  g resd 1
    13 00000004 <gap>                  h resd 10
    14 0000002C <gap>                  i resb 100
    15                                 
    16                                 [segment .text]
    17                                 [global main]
    18                                 main:
    19 00000000 55                      push rbp
    20 00000001 4889E5                  mov rbp, rsp
    21 00000004 4883EC10                sub rsp, 16
    22                                 
    23 00000008 31C0                    xor eax, eax
    24 0000000A C9                      leave
    25 0000000B C3                      ret
